<?xml version="1.0" encoding="UTF-8"?>
<coverage generated="1779283454462" clover="3.2.0">
  <project timestamp="1779283454462" name="All files">
    <metrics statements="167" coveredstatements="150" conditionals="240" coveredconditionals="154" methods="28" coveredmethods="28" elements="435" coveredelements="332" complexity="0" loc="167" ncloc="167" packages="1" files="4" classes="4"/>
    <file name="portfolioService.js" path="D:\Users\Felipe\Desktop\projeto a3 final\fmpinvest-app\backend\src\services\portfolioService.js">
      <metrics statements="60" coveredstatements="54" conditionals="98" coveredconditionals="61" methods="15" coveredmethods="15"/>
      <line num="2" count="6" type="cond" truecount="1" falsecount="1"/>
      <line num="3" count="0" type="stmt"/>
      <line num="6" count="14" type="stmt"/>
      <line num="18" count="14" type="cond" truecount="1" falsecount="1"/>
      <line num="19" count="6" type="stmt"/>
      <line num="20" count="14" type="stmt"/>
      <line num="22" count="6" type="stmt"/>
      <line num="23" count="14" type="cond" truecount="2" falsecount="0"/>
      <line num="27" count="6" type="cond" truecount="1" falsecount="1"/>
      <line num="29" count="6" type="stmt"/>
      <line num="30" count="6" type="stmt"/>
      <line num="31" count="14" type="stmt"/>
      <line num="32" count="10" type="stmt"/>
      <line num="34" count="6" type="stmt"/>
      <line num="35" count="14" type="stmt"/>
      <line num="36" count="4" type="stmt"/>
      <line num="38" count="6" type="stmt"/>
      <line num="39" count="14" type="stmt"/>
      <line num="40" count="6" type="stmt"/>
      <line num="42" count="6" type="stmt"/>
      <line num="43" count="14" type="stmt"/>
      <line num="44" count="3" type="stmt"/>
      <line num="46" count="6" type="stmt"/>
      <line num="47" count="14" type="stmt"/>
      <line num="48" count="13" type="stmt"/>
      <line num="50" count="6" type="cond" truecount="1" falsecount="1"/>
      <line num="51" count="6" type="cond" truecount="1" falsecount="1"/>
      <line num="52" count="6" type="cond" truecount="1" falsecount="1"/>
      <line num="53" count="6" type="cond" truecount="1" falsecount="1"/>
      <line num="54" count="6" type="cond" truecount="1" falsecount="1"/>
      <line num="56" count="6" type="stmt"/>
      <line num="57" count="6" type="cond" truecount="5" falsecount="0"/>
      <line num="58" count="5" type="cond" truecount="5" falsecount="0"/>
      <line num="60" count="6" type="stmt"/>
      <line num="61" count="6" type="cond" truecount="2" falsecount="0"/>
      <line num="62" count="1" type="cond" truecount="1" falsecount="1"/>
      <line num="64" count="6" type="stmt"/>
      <line num="65" count="6" type="cond" truecount="2" falsecount="0"/>
      <line num="66" count="3" type="cond" truecount="2" falsecount="0"/>
      <line num="68" count="6" type="cond" truecount="2" falsecount="0"/>
      <line num="69" count="3" type="cond" truecount="2" falsecount="0"/>
      <line num="71" count="6" type="cond" truecount="2" falsecount="0"/>
      <line num="72" count="2" type="cond" truecount="2" falsecount="0"/>
      <line num="74" count="6" type="cond" truecount="2" falsecount="0"/>
      <line num="75" count="6" type="cond" truecount="2" falsecount="0"/>
      <line num="76" count="6" type="cond" truecount="2" falsecount="0"/>
      <line num="78" count="6" type="cond" truecount="2" falsecount="0"/>
      <line num="79" count="2" type="cond" truecount="2" falsecount="0"/>
      <line num="81" count="6" type="cond" truecount="2" falsecount="0"/>
      <line num="82" count="1" type="cond" truecount="2" falsecount="2"/>
      <line num="83" count="0" type="cond" truecount="0" falsecount="4"/>
      <line num="84" count="5" type="cond" truecount="1" falsecount="1"/>
      <line num="85" count="0" type="cond" truecount="0" falsecount="4"/>
      <line num="86" count="0" type="cond" truecount="0" falsecount="4"/>
      <line num="87" count="5" type="cond" truecount="1" falsecount="1"/>
      <line num="88" count="0" type="cond" truecount="0" falsecount="2"/>
      <line num="89" count="0" type="cond" truecount="0" falsecount="2"/>
      <line num="92" count="6" type="stmt"/>
      <line num="94" count="6" type="stmt"/>
      <line num="111" count="1" type="stmt"/>
    </file>
    <file name="profileService.js" path="D:\Users\Felipe\Desktop\projeto a3 final\fmpinvest-app\backend\src\services\profileService.js">
      <metrics statements="59" coveredstatements="53" conditionals="96" coveredconditionals="54" methods="10" coveredmethods="10"/>
      <line num="2" count="2" type="cond" truecount="3" falsecount="0"/>
      <line num="6" count="4" type="cond" truecount="3" falsecount="0"/>
      <line num="10" count="1" type="cond" truecount="1" falsecount="1"/>
      <line num="16" count="0" type="stmt"/>
      <line num="19" count="1" type="cond" truecount="3" falsecount="1"/>
      <line num="20" count="1" type="stmt"/>
      <line num="23" count="0" type="cond" truecount="0" falsecount="5"/>
      <line num="24" count="0" type="stmt"/>
      <line num="27" count="0" type="stmt"/>
      <line num="31" count="10" type="stmt"/>
      <line num="35" count="10" type="cond" truecount="1" falsecount="1"/>
      <line num="36" count="19" type="cond" truecount="1" falsecount="1"/>
      <line num="37" count="10" type="stmt"/>
      <line num="46" count="19" type="cond" truecount="1" falsecount="1"/>
      <line num="47" count="10" type="stmt"/>
      <line num="49" count="0" type="stmt"/>
      <line num="60" count="10" type="cond" truecount="1" falsecount="1"/>
      <line num="61" count="10" type="cond" truecount="1" falsecount="1"/>
      <line num="62" count="10" type="cond" truecount="1" falsecount="1"/>
      <line num="63" count="10" type="cond" truecount="2" falsecount="0"/>
      <line num="64" count="10" type="cond" truecount="2" falsecount="0"/>
      <line num="65" count="10" type="stmt"/>
      <line num="67" count="10" type="stmt"/>
      <line num="69" count="10" type="stmt"/>
      <line num="70" count="10" type="cond" truecount="2" falsecount="0"/>
      <line num="71" count="8" type="cond" truecount="2" falsecount="0"/>
      <line num="72" count="7" type="cond" truecount="2" falsecount="0"/>
      <line num="73" count="3" type="cond" truecount="2" falsecount="0"/>
      <line num="74" count="2" type="stmt"/>
      <line num="76" count="10" type="stmt"/>
      <line num="80" count="1" type="cond" truecount="3" falsecount="1"/>
      <line num="81" count="0" type="stmt"/>
      <line num="84" count="1" type="stmt"/>
      <line num="85" count="1" type="stmt"/>
      <line num="87" count="1" type="cond" truecount="1" falsecount="1"/>
      <line num="88" count="1" type="cond" truecount="1" falsecount="1"/>
      <line num="90" count="1" type="stmt"/>
      <line num="111" count="1" type="stmt"/>
      <line num="113" count="1" type="cond" truecount="2" falsecount="2"/>
      <line num="114" count="1" type="cond" truecount="3" falsecount="1"/>
      <line num="115" count="1" type="cond" truecount="1" falsecount="1"/>
      <line num="116" count="1" type="cond" truecount="1" falsecount="1"/>
      <line num="117" count="1" type="cond" truecount="1" falsecount="1"/>
      <line num="118" count="1" type="cond" truecount="1" falsecount="1"/>
      <line num="119" count="1" type="cond" truecount="2" falsecount="2"/>
      <line num="120" count="1" type="cond" truecount="3" falsecount="1"/>
      <line num="122" count="1" type="stmt"/>
      <line num="123" count="1" type="stmt"/>
      <line num="124" count="1" type="stmt"/>
      <line num="126" count="1" type="stmt"/>
      <line num="133" count="1" type="cond" truecount="1" falsecount="1"/>
      <line num="134" count="1" type="stmt"/>
      <line num="142" count="1" type="stmt"/>
      <line num="143" count="1" type="cond" truecount="1" falsecount="1"/>
      <line num="144" count="1" type="cond" truecount="1" falsecount="1"/>
      <line num="145" count="1" type="cond" truecount="1" falsecount="1"/>
      <line num="146" count="1" type="cond" truecount="1" falsecount="1"/>
      <line num="148" count="1" type="stmt"/>
      <line num="166" count="1" type="stmt"/>
    </file>
    <file name="recommendationService.js" path="D:\Users\Felipe\Desktop\projeto a3 final\fmpinvest-app\backend\src\services\recommendationService.js">
      <metrics statements="30" coveredstatements="25" conditionals="35" coveredconditionals="28" methods="1" coveredmethods="1"/>
      <line num="2" count="6" type="stmt"/>
      <line num="4" count="6" type="cond" truecount="2" falsecount="0"/>
      <line num="5" count="5" type="cond" truecount="1" falsecount="1"/>
      <line num="6" count="0" type="stmt"/>
      <line num="9" count="5" type="cond" truecount="1" falsecount="1"/>
      <line num="10" count="0" type="stmt"/>
      <line num="13" count="5" type="cond" truecount="1" falsecount="1"/>
      <line num="14" count="0" type="stmt"/>
      <line num="18" count="6" type="cond" truecount="1" falsecount="1"/>
      <line num="19" count="6" type="cond" truecount="2" falsecount="0"/>
      <line num="20" count="2" type="stmt"/>
      <line num="23" count="6" type="cond" truecount="2" falsecount="0"/>
      <line num="24" count="1" type="stmt"/>
      <line num="27" count="6" type="cond" truecount="2" falsecount="0"/>
      <line num="28" count="1" type="stmt"/>
      <line num="31" count="6" type="cond" truecount="4" falsecount="0"/>
      <line num="32" count="1" type="stmt"/>
      <line num="35" count="6" type="cond" truecount="2" falsecount="2"/>
      <line num="36" count="0" type="stmt"/>
      <line num="39" count="6" type="cond" truecount="5" falsecount="0"/>
      <line num="40" count="1" type="stmt"/>
      <line num="43" count="6" type="cond" truecount="2" falsecount="0"/>
      <line num="44" count="1" type="stmt"/>
      <line num="45" count="5" type="cond" truecount="2" falsecount="0"/>
      <line num="46" count="2" type="stmt"/>
      <line num="48" count="3" type="stmt"/>
      <line num="52" count="6" type="cond" truecount="1" falsecount="1"/>
      <line num="53" count="0" type="stmt"/>
      <line num="56" count="6" type="stmt"/>
      <line num="59" count="1" type="stmt"/>
    </file>
    <file name="simulationService.js" path="D:\Users\Felipe\Desktop\projeto a3 final\fmpinvest-app\backend\src\services\simulationService.js">
      <metrics statements="18" coveredstatements="18" conditionals="11" coveredconditionals="11" methods="2" coveredmethods="2"/>
      <line num="2" count="13" type="cond" truecount="3" falsecount="0"/>
      <line num="6" count="4" type="stmt"/>
      <line num="7" count="4" type="cond" truecount="2" falsecount="0"/>
      <line num="8" count="1" type="stmt"/>
      <line num="11" count="3" type="cond" truecount="4" falsecount="0"/>
      <line num="12" count="1" type="stmt"/>
      <line num="15" count="2" type="stmt"/>
      <line num="16" count="2" type="stmt"/>
      <line num="17" count="2" type="stmt"/>
      <line num="19" count="2" type="stmt"/>
      <line num="20" count="2" type="cond" truecount="2" falsecount="0"/>
      <line num="21" count="1" type="stmt"/>
      <line num="24" count="2" type="stmt"/>
      <line num="25" count="2" type="stmt"/>
      <line num="26" count="2" type="stmt"/>
      <line num="27" count="2" type="stmt"/>
      <line num="29" count="2" type="stmt"/>
      <line num="38" count="1" type="stmt"/>
    </file>
  </project>
</coverage>
