{"D:\\Users\\Felipe\\Desktop\\projeto a3 final\\fmpinvest-app\\backend\\src\\services\\portfolioService.js": {"path":"D:\\Users\\Felipe\\Desktop\\projeto a3 final\\fmpinvest-app\\backend\\src\\services\\portfolioService.js","statementMap":{"0":{"start":{"line":2,"column":2},"end":{"line":4,"column":3}},"1":{"start":{"line":3,"column":4},"end":{"line":3,"column":50}},"2":{"start":{"line":6,"column":21},"end":{"line":16,"column":5}},"3":{"start":{"line":6,"column":44},"end":{"line":16,"column":3}},"4":{"start":{"line":18,"column":24},"end":{"line":18,"column":116}},"5":{"start":{"line":18,"column":58},"end":{"line":18,"column":112}},"6":{"start":{"line":19,"column":22},"end":{"line":19,"column":39}},"7":{"start":{"line":20,"column":21},"end":{"line":20,"column":88}},"8":{"start":{"line":20,"column":55},"end":{"line":20,"column":65}},"9":{"start":{"line":22,"column":23},"end":{"line":25,"column":3}},"10":{"start":{"line":23,"column":21},"end":{"line":23,"column":58}},"11":{"start":{"line":27,"column":34},"end":{"line":27,"column":100}},"12":{"start":{"line":29,"column":24},"end":{"line":29,"column":95}},"13":{"start":{"line":30,"column":24},"end":{"line":32,"column":49}},"14":{"start":{"line":31,"column":23},"end":{"line":31,"column":57}},"15":{"start":{"line":32,"column":28},"end":{"line":32,"column":45}},"16":{"start":{"line":34,"column":27},"end":{"line":36,"column":49}},"17":{"start":{"line":35,"column":23},"end":{"line":35,"column":50}},"18":{"start":{"line":36,"column":28},"end":{"line":36,"column":45}},"19":{"start":{"line":38,"column":24},"end":{"line":40,"column":49}},"20":{"start":{"line":39,"column":23},"end":{"line":39,"column":44}},"21":{"start":{"line":40,"column":28},"end":{"line":40,"column":45}},"22":{"start":{"line":42,"column":22},"end":{"line":44,"column":49}},"23":{"start":{"line":43,"column":23},"end":{"line":43,"column":46}},"24":{"start":{"line":44,"column":28},"end":{"line":44,"column":45}},"25":{"start":{"line":46,"column":30},"end":{"line":48,"column":49}},"26":{"start":{"line":47,"column":23},"end":{"line":47,"column":51}},"27":{"start":{"line":48,"column":28},"end":{"line":48,"column":45}},"28":{"start":{"line":50,"column":29},"end":{"line":50,"column":93}},"29":{"start":{"line":51,"column":32},"end":{"line":51,"column":93}},"30":{"start":{"line":52,"column":26},"end":{"line":52,"column":87}},"31":{"start":{"line":53,"column":24},"end":{"line":53,"column":83}},"32":{"start":{"line":54,"column":32},"end":{"line":54,"column":99}},"33":{"start":{"line":56,"column":24},"end":{"line":56,"column":31}},"34":{"start":{"line":57,"column":2},"end":{"line":58,"column":107}},"35":{"start":{"line":57,"column":76},"end":{"line":57,"column":100}},"36":{"start":{"line":58,"column":7},"end":{"line":58,"column":107}},"37":{"start":{"line":58,"column":81},"end":{"line":58,"column":107}},"38":{"start":{"line":60,"column":27},"end":{"line":60,"column":34}},"39":{"start":{"line":61,"column":2},"end":{"line":62,"column":63}},"40":{"start":{"line":61,"column":28},"end":{"line":61,"column":56}},"41":{"start":{"line":62,"column":7},"end":{"line":62,"column":63}},"42":{"start":{"line":62,"column":34},"end":{"line":62,"column":63}},"43":{"start":{"line":64,"column":14},"end":{"line":64,"column":17}},"44":{"start":{"line":65,"column":2},"end":{"line":66,"column":40}},"45":{"start":{"line":65,"column":23},"end":{"line":65,"column":35}},"46":{"start":{"line":66,"column":7},"end":{"line":66,"column":40}},"47":{"start":{"line":66,"column":28},"end":{"line":66,"column":40}},"48":{"start":{"line":68,"column":2},"end":{"line":69,"column":41}},"49":{"start":{"line":68,"column":23},"end":{"line":68,"column":35}},"50":{"start":{"line":69,"column":7},"end":{"line":69,"column":41}},"51":{"start":{"line":69,"column":29},"end":{"line":69,"column":41}},"52":{"start":{"line":71,"column":2},"end":{"line":72,"column":54}},"53":{"start":{"line":71,"column":36},"end":{"line":71,"column":48}},"54":{"start":{"line":72,"column":7},"end":{"line":72,"column":54}},"55":{"start":{"line":72,"column":42},"end":{"line":72,"column":54}},"56":{"start":{"line":74,"column":2},"end":{"line":74,"column":38}},"57":{"start":{"line":74,"column":26},"end":{"line":74,"column":38}},"58":{"start":{"line":75,"column":2},"end":{"line":75,"column":40}},"59":{"start":{"line":75,"column":28},"end":{"line":75,"column":40}},"60":{"start":{"line":76,"column":2},"end":{"line":76,"column":44}},"61":{"start":{"line":76,"column":32},"end":{"line":76,"column":44}},"62":{"start":{"line":78,"column":2},"end":{"line":79,"column":51}},"63":{"start":{"line":78,"column":35},"end":{"line":78,"column":47}},"64":{"start":{"line":79,"column":7},"end":{"line":79,"column":51}},"65":{"start":{"line":79,"column":40},"end":{"line":79,"column":51}},"66":{"start":{"line":81,"column":2},"end":{"line":90,"column":3}},"67":{"start":{"line":82,"column":4},"end":{"line":83,"column":69}},"68":{"start":{"line":82,"column":52},"end":{"line":82,"column":64}},"69":{"start":{"line":83,"column":9},"end":{"line":83,"column":69}},"70":{"start":{"line":83,"column":57},"end":{"line":83,"column":69}},"71":{"start":{"line":84,"column":9},"end":{"line":90,"column":3}},"72":{"start":{"line":85,"column":4},"end":{"line":86,"column":79}},"73":{"start":{"line":85,"column":62},"end":{"line":85,"column":74}},"74":{"start":{"line":86,"column":9},"end":{"line":86,"column":79}},"75":{"start":{"line":86,"column":67},"end":{"line":86,"column":79}},"76":{"start":{"line":87,"column":9},"end":{"line":90,"column":3}},"77":{"start":{"line":88,"column":4},"end":{"line":89,"column":50}},"78":{"start":{"line":88,"column":33},"end":{"line":88,"column":45}},"79":{"start":{"line":89,"column":9},"end":{"line":89,"column":50}},"80":{"start":{"line":89,"column":38},"end":{"line":89,"column":50}},"81":{"start":{"line":92,"column":2},"end":{"line":92,"column":44}},"82":{"start":{"line":94,"column":2},"end":{"line":108,"column":4}},"83":{"start":{"line":111,"column":0},"end":{"line":113,"column":2}}},"fnMap":{"0":{"name":"calculatePortfolioMetrics","decl":{"start":{"line":1,"column":10},"end":{"line":1,"column":35}},"loc":{"start":{"line":1,"column":73},"end":{"line":109,"column":1}},"line":1},"1":{"name":"(anonymous_1)","decl":{"start":{"line":6,"column":32},"end":{"line":6,"column":33}},"loc":{"start":{"line":6,"column":44},"end":{"line":16,"column":3}},"line":6},"2":{"name":"(anonymous_2)","decl":{"start":{"line":18,"column":42},"end":{"line":18,"column":43}},"loc":{"start":{"line":18,"column":58},"end":{"line":18,"column":112}},"line":18},"3":{"name":"(anonymous_3)","decl":{"start":{"line":20,"column":44},"end":{"line":20,"column":45}},"loc":{"start":{"line":20,"column":55},"end":{"line":20,"column":65}},"line":20},"4":{"name":"(anonymous_4)","decl":{"start":{"line":23,"column":4},"end":{"line":23,"column":5}},"loc":{"start":{"line":23,"column":21},"end":{"line":23,"column":58}},"line":23},"5":{"name":"(anonymous_5)","decl":{"start":{"line":31,"column":12},"end":{"line":31,"column":13}},"loc":{"start":{"line":31,"column":23},"end":{"line":31,"column":57}},"line":31},"6":{"name":"(anonymous_6)","decl":{"start":{"line":32,"column":12},"end":{"line":32,"column":13}},"loc":{"start":{"line":32,"column":28},"end":{"line":32,"column":45}},"line":32},"7":{"name":"(anonymous_7)","decl":{"start":{"line":35,"column":12},"end":{"line":35,"column":13}},"loc":{"start":{"line":35,"column":23},"end":{"line":35,"column":50}},"line":35},"8":{"name":"(anonymous_8)","decl":{"start":{"line":36,"column":12},"end":{"line":36,"column":13}},"loc":{"start":{"line":36,"column":28},"end":{"line":36,"column":45}},"line":36},"9":{"name":"(anonymous_9)","decl":{"start":{"line":39,"column":12},"end":{"line":39,"column":13}},"loc":{"start":{"line":39,"column":23},"end":{"line":39,"column":44}},"line":39},"10":{"name":"(anonymous_10)","decl":{"start":{"line":40,"column":12},"end":{"line":40,"column":13}},"loc":{"start":{"line":40,"column":28},"end":{"line":40,"column":45}},"line":40},"11":{"name":"(anonymous_11)","decl":{"start":{"line":43,"column":12},"end":{"line":43,"column":13}},"loc":{"start":{"line":43,"column":23},"end":{"line":43,"column":46}},"line":43},"12":{"name":"(anonymous_12)","decl":{"start":{"line":44,"column":12},"end":{"line":44,"column":13}},"loc":{"start":{"line":44,"column":28},"end":{"line":44,"column":45}},"line":44},"13":{"name":"(anonymous_13)","decl":{"start":{"line":47,"column":12},"end":{"line":47,"column":13}},"loc":{"start":{"line":47,"column":23},"end":{"line":47,"column":51}},"line":47},"14":{"name":"(anonymous_14)","decl":{"start":{"line":48,"column":12},"end":{"line":48,"column":13}},"loc":{"start":{"line":48,"column":28},"end":{"line":48,"column":45}},"line":48}},"branchMap":{"0":{"loc":{"start":{"line":1,"column":36},"end":{"line":1,"column":47}},"type":"default-arg","locations":[{"start":{"line":1,"column":45},"end":{"line":1,"column":47}}],"line":1},"1":{"loc":{"start":{"line":1,"column":49},"end":{"line":1,"column":71}},"type":"default-arg","locations":[{"start":{"line":1,"column":67},"end":{"line":1,"column":71}}],"line":1},"2":{"loc":{"start":{"line":2,"column":2},"end":{"line":4,"column":3}},"type":"if","locations":[{"start":{"line":2,"column":2},"end":{"line":4,"column":3}},{"start":{},"end":{}}],"line":2},"3":{"loc":{"start":{"line":7,"column":17},"end":{"line":7,"column":33}},"type":"binary-expr","locations":[{"start":{"line":7,"column":17},"end":{"line":7,"column":27}},{"start":{"line":7,"column":31},"end":{"line":7,"column":33}}],"line":7},"4":{"loc":{"start":{"line":8,"column":17},"end":{"line":8,"column":33}},"type":"binary-expr","locations":[{"start":{"line":8,"column":17},"end":{"line":8,"column":27}},{"start":{"line":8,"column":31},"end":{"line":8,"column":33}}],"line":8},"5":{"loc":{"start":{"line":10,"column":26},"end":{"line":12,"column":42}},"type":"cond-expr","locations":[{"start":{"line":11,"column":8},"end":{"line":11,"column":12}},{"start":{"line":12,"column":8},"end":{"line":12,"column":42}}],"line":10},"6":{"loc":{"start":{"line":10,"column":26},"end":{"line":10,"column":105}},"type":"binary-expr","locations":[{"start":{"line":10,"column":26},"end":{"line":10,"column":61}},{"start":{"line":10,"column":65},"end":{"line":10,"column":105}}],"line":10},"7":{"loc":{"start":{"line":13,"column":17},"end":{"line":13,"column":33}},"type":"binary-expr","locations":[{"start":{"line":13,"column":17},"end":{"line":13,"column":27}},{"start":{"line":13,"column":31},"end":{"line":13,"column":33}}],"line":13},"8":{"loc":{"start":{"line":14,"column":22},"end":{"line":14,"column":43}},"type":"binary-expr","locations":[{"start":{"line":14,"column":22},"end":{"line":14,"column":37}},{"start":{"line":14,"column":41},"end":{"line":14,"column":43}}],"line":14},"9":{"loc":{"start":{"line":15,"column":22},"end":{"line":15,"column":43}},"type":"binary-expr","locations":[{"start":{"line":15,"column":22},"end":{"line":15,"column":37}},{"start":{"line":15,"column":41},"end":{"line":15,"column":43}}],"line":15},"10":{"loc":{"start":{"line":18,"column":65},"end":{"line":18,"column":111}},"type":"cond-expr","locations":[{"start":{"line":18,"column":96},"end":{"line":18,"column":107}},{"start":{"line":18,"column":110},"end":{"line":18,"column":111}}],"line":18},"11":{"loc":{"start":{"line":23,"column":21},"end":{"line":23,"column":58}},"type":"cond-expr","locations":[{"start":{"line":23,"column":47},"end":{"line":23,"column":52}},{"start":{"line":23,"column":55},"end":{"line":23,"column":58}}],"line":23},"12":{"loc":{"start":{"line":27,"column":34},"end":{"line":27,"column":100}},"type":"cond-expr","locations":[{"start":{"line":27,"column":54},"end":{"line":27,"column":96}},{"start":{"line":27,"column":99},"end":{"line":27,"column":100}}],"line":27},"13":{"loc":{"start":{"line":50,"column":29},"end":{"line":50,"column":93}},"type":"cond-expr","locations":[{"start":{"line":50,"column":49},"end":{"line":50,"column":89}},{"start":{"line":50,"column":92},"end":{"line":50,"column":93}}],"line":50},"14":{"loc":{"start":{"line":51,"column":32},"end":{"line":51,"column":93}},"type":"cond-expr","locations":[{"start":{"line":51,"column":52},"end":{"line":51,"column":89}},{"start":{"line":51,"column":92},"end":{"line":51,"column":93}}],"line":51},"15":{"loc":{"start":{"line":52,"column":26},"end":{"line":52,"column":87}},"type":"cond-expr","locations":[{"start":{"line":52,"column":46},"end":{"line":52,"column":83}},{"start":{"line":52,"column":86},"end":{"line":52,"column":87}}],"line":52},"16":{"loc":{"start":{"line":53,"column":24},"end":{"line":53,"column":83}},"type":"cond-expr","locations":[{"start":{"line":53,"column":44},"end":{"line":53,"column":79}},{"start":{"line":53,"column":82},"end":{"line":53,"column":83}}],"line":53},"17":{"loc":{"start":{"line":54,"column":32},"end":{"line":54,"column":99}},"type":"cond-expr","locations":[{"start":{"line":54,"column":52},"end":{"line":54,"column":95}},{"start":{"line":54,"column":98},"end":{"line":54,"column":99}}],"line":54},"18":{"loc":{"start":{"line":57,"column":2},"end":{"line":58,"column":107}},"type":"if","locations":[{"start":{"line":57,"column":2},"end":{"line":58,"column":107}},{"start":{"line":58,"column":7},"end":{"line":58,"column":107}}],"line":57},"19":{"loc":{"start":{"line":57,"column":6},"end":{"line":57,"column":74}},"type":"binary-expr","locations":[{"start":{"line":57,"column":6},"end":{"line":57,"column":22}},{"start":{"line":57,"column":26},"end":{"line":57,"column":41}},{"start":{"line":57,"column":45},"end":{"line":57,"column":74}}],"line":57},"20":{"loc":{"start":{"line":58,"column":7},"end":{"line":58,"column":107}},"type":"if","locations":[{"start":{"line":58,"column":7},"end":{"line":58,"column":107}},{"start":{},"end":{}}],"line":58},"21":{"loc":{"start":{"line":58,"column":11},"end":{"line":58,"column":79}},"type":"binary-expr","locations":[{"start":{"line":58,"column":11},"end":{"line":58,"column":27}},{"start":{"line":58,"column":31},"end":{"line":58,"column":46}},{"start":{"line":58,"column":50},"end":{"line":58,"column":79}}],"line":58},"22":{"loc":{"start":{"line":61,"column":2},"end":{"line":62,"column":63}},"type":"if","locations":[{"start":{"line":61,"column":2},"end":{"line":62,"column":63}},{"start":{"line":62,"column":7},"end":{"line":62,"column":63}}],"line":61},"23":{"loc":{"start":{"line":62,"column":7},"end":{"line":62,"column":63}},"type":"if","locations":[{"start":{"line":62,"column":7},"end":{"line":62,"column":63}},{"start":{},"end":{}}],"line":62},"24":{"loc":{"start":{"line":65,"column":2},"end":{"line":66,"column":40}},"type":"if","locations":[{"start":{"line":65,"column":2},"end":{"line":66,"column":40}},{"start":{"line":66,"column":7},"end":{"line":66,"column":40}}],"line":65},"25":{"loc":{"start":{"line":66,"column":7},"end":{"line":66,"column":40}},"type":"if","locations":[{"start":{"line":66,"column":7},"end":{"line":66,"column":40}},{"start":{},"end":{}}],"line":66},"26":{"loc":{"start":{"line":68,"column":2},"end":{"line":69,"column":41}},"type":"if","locations":[{"start":{"line":68,"column":2},"end":{"line":69,"column":41}},{"start":{"line":69,"column":7},"end":{"line":69,"column":41}}],"line":68},"27":{"loc":{"start":{"line":69,"column":7},"end":{"line":69,"column":41}},"type":"if","locations":[{"start":{"line":69,"column":7},"end":{"line":69,"column":41}},{"start":{},"end":{}}],"line":69},"28":{"loc":{"start":{"line":71,"column":2},"end":{"line":72,"column":54}},"type":"if","locations":[{"start":{"line":71,"column":2},"end":{"line":72,"column":54}},{"start":{"line":72,"column":7},"end":{"line":72,"column":54}}],"line":71},"29":{"loc":{"start":{"line":72,"column":7},"end":{"line":72,"column":54}},"type":"if","locations":[{"start":{"line":72,"column":7},"end":{"line":72,"column":54}},{"start":{},"end":{}}],"line":72},"30":{"loc":{"start":{"line":74,"column":2},"end":{"line":74,"column":38}},"type":"if","locations":[{"start":{"line":74,"column":2},"end":{"line":74,"column":38}},{"start":{},"end":{}}],"line":74},"31":{"loc":{"start":{"line":75,"column":2},"end":{"line":75,"column":40}},"type":"if","locations":[{"start":{"line":75,"column":2},"end":{"line":75,"column":40}},{"start":{},"end":{}}],"line":75},"32":{"loc":{"start":{"line":76,"column":2},"end":{"line":76,"column":44}},"type":"if","locations":[{"start":{"line":76,"column":2},"end":{"line":76,"column":44}},{"start":{},"end":{}}],"line":76},"33":{"loc":{"start":{"line":78,"column":2},"end":{"line":79,"column":51}},"type":"if","locations":[{"start":{"line":78,"column":2},"end":{"line":79,"column":51}},{"start":{"line":79,"column":7},"end":{"line":79,"column":51}}],"line":78},"34":{"loc":{"start":{"line":79,"column":7},"end":{"line":79,"column":51}},"type":"if","locations":[{"start":{"line":79,"column":7},"end":{"line":79,"column":51}},{"start":{},"end":{}}],"line":79},"35":{"loc":{"start":{"line":81,"column":2},"end":{"line":90,"column":3}},"type":"if","locations":[{"start":{"line":81,"column":2},"end":{"line":90,"column":3}},{"start":{"line":84,"column":9},"end":{"line":90,"column":3}}],"line":81},"36":{"loc":{"start":{"line":82,"column":4},"end":{"line":83,"column":69}},"type":"if","locations":[{"start":{"line":82,"column":4},"end":{"line":83,"column":69}},{"start":{"line":83,"column":9},"end":{"line":83,"column":69}}],"line":82},"37":{"loc":{"start":{"line":82,"column":8},"end":{"line":82,"column":50}},"type":"binary-expr","locations":[{"start":{"line":82,"column":8},"end":{"line":82,"column":28}},{"start":{"line":82,"column":32},"end":{"line":82,"column":50}}],"line":82},"38":{"loc":{"start":{"line":83,"column":9},"end":{"line":83,"column":69}},"type":"if","locations":[{"start":{"line":83,"column":9},"end":{"line":83,"column":69}},{"start":{},"end":{}}],"line":83},"39":{"loc":{"start":{"line":83,"column":13},"end":{"line":83,"column":55}},"type":"binary-expr","locations":[{"start":{"line":83,"column":13},"end":{"line":83,"column":33}},{"start":{"line":83,"column":37},"end":{"line":83,"column":55}}],"line":83},"40":{"loc":{"start":{"line":84,"column":9},"end":{"line":90,"column":3}},"type":"if","locations":[{"start":{"line":84,"column":9},"end":{"line":90,"column":3}},{"start":{"line":87,"column":9},"end":{"line":90,"column":3}}],"line":84},"41":{"loc":{"start":{"line":85,"column":4},"end":{"line":86,"column":79}},"type":"if","locations":[{"start":{"line":85,"column":4},"end":{"line":86,"column":79}},{"start":{"line":86,"column":9},"end":{"line":86,"column":79}}],"line":85},"42":{"loc":{"start":{"line":85,"column":8},"end":{"line":85,"column":60}},"type":"binary-expr","locations":[{"start":{"line":85,"column":8},"end":{"line":85,"column":36}},{"start":{"line":85,"column":40},"end":{"line":85,"column":60}}],"line":85},"43":{"loc":{"start":{"line":86,"column":9},"end":{"line":86,"column":79}},"type":"if","locations":[{"start":{"line":86,"column":9},"end":{"line":86,"column":79}},{"start":{},"end":{}}],"line":86},"44":{"loc":{"start":{"line":86,"column":13},"end":{"line":86,"column":65}},"type":"binary-expr","locations":[{"start":{"line":86,"column":13},"end":{"line":86,"column":41}},{"start":{"line":86,"column":45},"end":{"line":86,"column":65}}],"line":86},"45":{"loc":{"start":{"line":87,"column":9},"end":{"line":90,"column":3}},"type":"if","locations":[{"start":{"line":87,"column":9},"end":{"line":90,"column":3}},{"start":{},"end":{}}],"line":87},"46":{"loc":{"start":{"line":88,"column":4},"end":{"line":89,"column":50}},"type":"if","locations":[{"start":{"line":88,"column":4},"end":{"line":89,"column":50}},{"start":{"line":89,"column":9},"end":{"line":89,"column":50}}],"line":88},"47":{"loc":{"start":{"line":89,"column":9},"end":{"line":89,"column":50}},"type":"if","locations":[{"start":{"line":89,"column":9},"end":{"line":89,"column":50}},{"start":{},"end":{}}],"line":89},"48":{"loc":{"start":{"line":99,"column":27},"end":{"line":99,"column":51}},"type":"binary-expr","locations":[{"start":{"line":99,"column":27},"end":{"line":99,"column":44}},{"start":{"line":99,"column":48},"end":{"line":99,"column":51}}],"line":99}},"s":{"0":6,"1":0,"2":6,"3":14,"4":6,"5":14,"6":6,"7":6,"8":14,"9":6,"10":14,"11":6,"12":6,"13":6,"14":14,"15":10,"16":6,"17":14,"18":4,"19":6,"20":14,"21":6,"22":6,"23":14,"24":3,"25":6,"26":14,"27":13,"28":6,"29":6,"30":6,"31":6,"32":6,"33":6,"34":6,"35":1,"36":5,"37":1,"38":6,"39":6,"40":5,"41":1,"42":0,"43":6,"44":6,"45":3,"46":3,"47":1,"48":6,"49":3,"50":3,"51":1,"52":6,"53":4,"54":2,"55":1,"56":6,"57":2,"58":6,"59":5,"60":6,"61":3,"62":6,"63":4,"64":2,"65":1,"66":6,"67":1,"68":1,"69":0,"70":0,"71":5,"72":0,"73":0,"74":0,"75":0,"76":5,"77":0,"78":0,"79":0,"80":0,"81":6,"82":6,"83":1},"f":{"0":6,"1":14,"2":14,"3":14,"4":14,"5":14,"6":10,"7":14,"8":4,"9":14,"10":6,"11":14,"12":3,"13":14,"14":13},"b":{"0":[0],"1":[5],"2":[0,6],"3":[14,0],"4":[14,0],"5":[14,0],"6":[14,14],"7":[14,0],"8":[14,0],"9":[14,0],"10":[14,0],"11":[6,8],"12":[6,0],"13":[6,0],"14":[6,0],"15":[6,0],"16":[6,0],"17":[6,0],"18":[1,5],"19":[6,1,1],"20":[1,4],"21":[5,1,1],"22":[5,1],"23":[0,1],"24":[3,3],"25":[1,2],"26":[3,3],"27":[1,2],"28":[4,2],"29":[1,1],"30":[2,4],"31":[5,1],"32":[3,3],"33":[4,2],"34":[1,1],"35":[1,5],"36":[1,0],"37":[1,0],"38":[0,0],"39":[0,0],"40":[0,5],"41":[0,0],"42":[0,0],"43":[0,0],"44":[0,0],"45":[0,5],"46":[0,0],"47":[0,0],"48":[6,0]},"_coverageSchema":"1a1c01bbd47fc00a2c39e90264f33305004495a9","hash":"e9059352b0dc0ea611d25cde86ea0e90f59b6b8f"}
,"D:\\Users\\Felipe\\Desktop\\projeto a3 final\\fmpinvest-app\\backend\\src\\services\\profileService.js": {"path":"D:\\Users\\Felipe\\Desktop\\projeto a3 final\\fmpinvest-app\\backend\\src\\services\\profileService.js","statementMap":{"0":{"start":{"line":2,"column":2},"end":{"line":2,"column":74}},"1":{"start":{"line":6,"column":2},"end":{"line":6,"column":75}},"2":{"start":{"line":10,"column":2},"end":{"line":17,"column":3}},"3":{"start":{"line":16,"column":4},"end":{"line":16,"column":22}},"4":{"start":{"line":19,"column":2},"end":{"line":21,"column":3}},"5":{"start":{"line":20,"column":4},"end":{"line":20,"column":22}},"6":{"start":{"line":23,"column":2},"end":{"line":25,"column":3}},"7":{"start":{"line":24,"column":4},"end":{"line":24,"column":25}},"8":{"start":{"line":27,"column":2},"end":{"line":27,"column":20}},"9":{"start":{"line":31,"column":2},"end":{"line":31,"column":57}},"10":{"start":{"line":35,"column":2},"end":{"line":48,"column":3}},"11":{"start":{"line":36,"column":23},"end":{"line":36,"column":92}},"12":{"start":{"line":36,"column":59},"end":{"line":36,"column":91}},"13":{"start":{"line":37,"column":18},"end":{"line":45,"column":5}},"14":{"start":{"line":46,"column":16},"end":{"line":46,"column":77}},"15":{"start":{"line":46,"column":49},"end":{"line":46,"column":73}},"16":{"start":{"line":47,"column":4},"end":{"line":47,"column":29}},"17":{"start":{"line":49,"column":2},"end":{"line":49,"column":11}},"18":{"start":{"line":60,"column":21},"end":{"line":60,"column":96}},"19":{"start":{"line":61,"column":26},"end":{"line":61,"column":117}},"20":{"start":{"line":62,"column":24},"end":{"line":62,"column":126}},"21":{"start":{"line":63,"column":26},"end":{"line":63,"column":106}},"22":{"start":{"line":64,"column":24},"end":{"line":64,"column":108}},"23":{"start":{"line":65,"column":24},"end":{"line":65,"column":71}},"24":{"start":{"line":67,"column":16},"end":{"line":67,"column":131}},"25":{"start":{"line":69,"column":16},"end":{"line":69,"column":26}},"26":{"start":{"line":70,"column":2},"end":{"line":74,"column":30}},"27":{"start":{"line":70,"column":19},"end":{"line":70,"column":50}},"28":{"start":{"line":71,"column":7},"end":{"line":74,"column":30}},"29":{"start":{"line":71,"column":24},"end":{"line":71,"column":57}},"30":{"start":{"line":72,"column":7},"end":{"line":74,"column":30}},"31":{"start":{"line":72,"column":24},"end":{"line":72,"column":45}},"32":{"start":{"line":73,"column":7},"end":{"line":74,"column":30}},"33":{"start":{"line":73,"column":24},"end":{"line":73,"column":53}},"34":{"start":{"line":74,"column":7},"end":{"line":74,"column":30}},"35":{"start":{"line":76,"column":2},"end":{"line":76,"column":28}},"36":{"start":{"line":80,"column":2},"end":{"line":82,"column":3}},"37":{"start":{"line":81,"column":4},"end":{"line":81,"column":87}},"38":{"start":{"line":84,"column":24},"end":{"line":84,"column":63}},"39":{"start":{"line":85,"column":15},"end":{"line":85,"column":22}},"40":{"start":{"line":87,"column":2},"end":{"line":88,"column":64}},"41":{"start":{"line":87,"column":26},"end":{"line":87,"column":46}},"42":{"start":{"line":88,"column":7},"end":{"line":88,"column":64}},"43":{"start":{"line":88,"column":31},"end":{"line":88,"column":64}},"44":{"start":{"line":90,"column":2},"end":{"line":93,"column":4}},"45":{"start":{"line":111,"column":6},"end":{"line":111,"column":13}},"46":{"start":{"line":113,"column":2},"end":{"line":113,"column":88}},"47":{"start":{"line":113,"column":38},"end":{"line":113,"column":88}},"48":{"start":{"line":114,"column":2},"end":{"line":114,"column":110}},"49":{"start":{"line":114,"column":42},"end":{"line":114,"column":110}},"50":{"start":{"line":115,"column":2},"end":{"line":115,"column":102}},"51":{"start":{"line":115,"column":45},"end":{"line":115,"column":102}},"52":{"start":{"line":116,"column":2},"end":{"line":116,"column":110}},"53":{"start":{"line":116,"column":49},"end":{"line":116,"column":110}},"54":{"start":{"line":117,"column":2},"end":{"line":117,"column":110}},"55":{"start":{"line":117,"column":54},"end":{"line":117,"column":110}},"56":{"start":{"line":118,"column":2},"end":{"line":118,"column":121}},"57":{"start":{"line":118,"column":57},"end":{"line":118,"column":121}},"58":{"start":{"line":119,"column":2},"end":{"line":119,"column":102}},"59":{"start":{"line":119,"column":38},"end":{"line":119,"column":102}},"60":{"start":{"line":120,"column":2},"end":{"line":120,"column":118}},"61":{"start":{"line":120,"column":56},"end":{"line":120,"column":118}},"62":{"start":{"line":122,"column":25},"end":{"line":122,"column":68}},"63":{"start":{"line":123,"column":26},"end":{"line":123,"column":56}},"64":{"start":{"line":124,"column":22},"end":{"line":124,"column":60}},"65":{"start":{"line":126,"column":26},"end":{"line":131,"column":4}},"66":{"start":{"line":133,"column":18},"end":{"line":133,"column":108}},"67":{"start":{"line":134,"column":22},"end":{"line":140,"column":4}},"68":{"start":{"line":142,"column":20},"end":{"line":142,"column":22}},"69":{"start":{"line":143,"column":2},"end":{"line":143,"column":101}},"70":{"start":{"line":143,"column":24},"end":{"line":143,"column":101}},"71":{"start":{"line":144,"column":2},"end":{"line":144,"column":118}},"72":{"start":{"line":144,"column":33},"end":{"line":144,"column":118}},"73":{"start":{"line":145,"column":2},"end":{"line":145,"column":124}},"74":{"start":{"line":145,"column":27},"end":{"line":145,"column":124}},"75":{"start":{"line":146,"column":2},"end":{"line":146,"column":121}},"76":{"start":{"line":146,"column":30},"end":{"line":146,"column":121}},"77":{"start":{"line":148,"column":2},"end":{"line":163,"column":4}},"78":{"start":{"line":166,"column":0},"end":{"line":170,"column":2}}},"fnMap":{"0":{"name":"isValidPositiveNumber","decl":{"start":{"line":1,"column":10},"end":{"line":1,"column":31}},"loc":{"start":{"line":1,"column":39},"end":{"line":3,"column":1}},"line":1},"1":{"name":"isValidNonNegativeNumber","decl":{"start":{"line":5,"column":9},"end":{"line":5,"column":33}},"loc":{"start":{"line":5,"column":41},"end":{"line":7,"column":1}},"line":5},"2":{"name":"suggestInvestorProfile","decl":{"start":{"line":9,"column":9},"end":{"line":9,"column":31}},"loc":{"start":{"line":9,"column":107},"end":{"line":28,"column":1}},"line":9},"3":{"name":"toScoreRange","decl":{"start":{"line":30,"column":9},"end":{"line":30,"column":21}},"loc":{"start":{"line":30,"column":48},"end":{"line":32,"column":1}},"line":30},"4":{"name":"mapConfortoInvestimentos","decl":{"start":{"line":34,"column":9},"end":{"line":34,"column":33}},"loc":{"start":{"line":34,"column":57},"end":{"line":50,"column":1}},"line":34},"5":{"name":"(anonymous_5)","decl":{"start":{"line":36,"column":49},"end":{"line":36,"column":50}},"loc":{"start":{"line":36,"column":59},"end":{"line":36,"column":91}},"line":36},"6":{"name":"(anonymous_6)","decl":{"start":{"line":46,"column":34},"end":{"line":46,"column":35}},"loc":{"start":{"line":46,"column":49},"end":{"line":46,"column":73}},"line":46},"7":{"name":"evaluateInvestorSuitability","decl":{"start":{"line":52,"column":9},"end":{"line":52,"column":36}},"loc":{"start":{"line":59,"column":8},"end":{"line":77,"column":1}},"line":59},"8":{"name":"analyzeEmergencyReserve","decl":{"start":{"line":79,"column":9},"end":{"line":79,"column":32}},"loc":{"start":{"line":79,"column":73},"end":{"line":94,"column":1}},"line":79},"9":{"name":"analyzeProfile","decl":{"start":{"line":96,"column":9},"end":{"line":96,"column":23}},"loc":{"start":{"line":96,"column":33},"end":{"line":164,"column":1}},"line":96}},"branchMap":{"0":{"loc":{"start":{"line":2,"column":9},"end":{"line":2,"column":73}},"type":"binary-expr","locations":[{"start":{"line":2,"column":9},"end":{"line":2,"column":34}},{"start":{"line":2,"column":38},"end":{"line":2,"column":60}},{"start":{"line":2,"column":64},"end":{"line":2,"column":73}}],"line":2},"1":{"loc":{"start":{"line":6,"column":9},"end":{"line":6,"column":74}},"type":"binary-expr","locations":[{"start":{"line":6,"column":9},"end":{"line":6,"column":34}},{"start":{"line":6,"column":38},"end":{"line":6,"column":60}},{"start":{"line":6,"column":64},"end":{"line":6,"column":74}}],"line":6},"2":{"loc":{"start":{"line":10,"column":2},"end":{"line":17,"column":3}},"type":"if","locations":[{"start":{"line":10,"column":2},"end":{"line":17,"column":3}},{"start":{},"end":{}}],"line":10},"3":{"loc":{"start":{"line":11,"column":4},"end":{"line":14,"column":34}},"type":"binary-expr","locations":[{"start":{"line":11,"column":4},"end":{"line":11,"column":28}},{"start":{"line":12,"column":4},"end":{"line":12,"column":33}},{"start":{"line":13,"column":4},"end":{"line":13,"column":39}},{"start":{"line":14,"column":4},"end":{"line":14,"column":34}}],"line":11},"4":{"loc":{"start":{"line":19,"column":2},"end":{"line":21,"column":3}},"type":"if","locations":[{"start":{"line":19,"column":2},"end":{"line":21,"column":3}},{"start":{},"end":{}}],"line":19},"5":{"loc":{"start":{"line":19,"column":6},"end":{"line":19,"column":69}},"type":"binary-expr","locations":[{"start":{"line":19,"column":6},"end":{"line":19,"column":31}},{"start":{"line":19,"column":35},"end":{"line":19,"column":69}}],"line":19},"6":{"loc":{"start":{"line":23,"column":2},"end":{"line":25,"column":3}},"type":"if","locations":[{"start":{"line":23,"column":2},"end":{"line":25,"column":3}},{"start":{},"end":{}}],"line":23},"7":{"loc":{"start":{"line":23,"column":6},"end":{"line":23,"column":99}},"type":"binary-expr","locations":[{"start":{"line":23,"column":6},"end":{"line":23,"column":31}},{"start":{"line":23,"column":35},"end":{"line":23,"column":65}},{"start":{"line":23,"column":69},"end":{"line":23,"column":99}}],"line":23},"8":{"loc":{"start":{"line":30,"column":29},"end":{"line":30,"column":36}},"type":"default-arg","locations":[{"start":{"line":30,"column":35},"end":{"line":30,"column":36}}],"line":30},"9":{"loc":{"start":{"line":30,"column":38},"end":{"line":30,"column":46}},"type":"default-arg","locations":[{"start":{"line":30,"column":44},"end":{"line":30,"column":46}}],"line":30},"10":{"loc":{"start":{"line":35,"column":2},"end":{"line":48,"column":3}},"type":"if","locations":[{"start":{"line":35,"column":2},"end":{"line":48,"column":3}},{"start":{},"end":{}}],"line":35},"11":{"loc":{"start":{"line":36,"column":66},"end":{"line":36,"column":76}},"type":"binary-expr","locations":[{"start":{"line":36,"column":66},"end":{"line":36,"column":70}},{"start":{"line":36,"column":74},"end":{"line":36,"column":76}}],"line":36},"12":{"loc":{"start":{"line":46,"column":56},"end":{"line":46,"column":72}},"type":"binary-expr","locations":[{"start":{"line":46,"column":56},"end":{"line":46,"column":67}},{"start":{"line":46,"column":71},"end":{"line":46,"column":72}}],"line":46},"13":{"loc":{"start":{"line":52,"column":37},"end":{"line":59,"column":6}},"type":"default-arg","locations":[{"start":{"line":59,"column":4},"end":{"line":59,"column":6}}],"line":52},"14":{"loc":{"start":{"line":53,"column":2},"end":{"line":53,"column":25}},"type":"default-arg","locations":[{"start":{"line":53,"column":18},"end":{"line":53,"column":25}}],"line":53},"15":{"loc":{"start":{"line":54,"column":2},"end":{"line":54,"column":34}},"type":"default-arg","locations":[{"start":{"line":54,"column":19},"end":{"line":54,"column":34}}],"line":54},"16":{"loc":{"start":{"line":55,"column":2},"end":{"line":55,"column":35}},"type":"default-arg","locations":[{"start":{"line":55,"column":22},"end":{"line":55,"column":35}}],"line":55},"17":{"loc":{"start":{"line":56,"column":2},"end":{"line":56,"column":31}},"type":"default-arg","locations":[{"start":{"line":56,"column":24},"end":{"line":56,"column":31}}],"line":56},"18":{"loc":{"start":{"line":57,"column":2},"end":{"line":57,"column":38}},"type":"default-arg","locations":[{"start":{"line":57,"column":24},"end":{"line":57,"column":38}}],"line":57},"19":{"loc":{"start":{"line":58,"column":2},"end":{"line":58,"column":28}},"type":"default-arg","locations":[{"start":{"line":58,"column":26},"end":{"line":58,"column":28}}],"line":58},"20":{"loc":{"start":{"line":60,"column":21},"end":{"line":60,"column":96}},"type":"binary-expr","locations":[{"start":{"line":60,"column":21},"end":{"line":60,"column":91}},{"start":{"line":60,"column":95},"end":{"line":60,"column":96}}],"line":60},"21":{"loc":{"start":{"line":61,"column":26},"end":{"line":61,"column":117}},"type":"binary-expr","locations":[{"start":{"line":61,"column":26},"end":{"line":61,"column":112}},{"start":{"line":61,"column":116},"end":{"line":61,"column":117}}],"line":61},"22":{"loc":{"start":{"line":62,"column":24},"end":{"line":62,"column":126}},"type":"binary-expr","locations":[{"start":{"line":62,"column":24},"end":{"line":62,"column":121}},{"start":{"line":62,"column":125},"end":{"line":62,"column":126}}],"line":62},"23":{"loc":{"start":{"line":63,"column":26},"end":{"line":63,"column":106}},"type":"binary-expr","locations":[{"start":{"line":63,"column":26},"end":{"line":63,"column":101}},{"start":{"line":63,"column":105},"end":{"line":63,"column":106}}],"line":63},"24":{"loc":{"start":{"line":64,"column":24},"end":{"line":64,"column":108}},"type":"binary-expr","locations":[{"start":{"line":64,"column":24},"end":{"line":64,"column":103}},{"start":{"line":64,"column":107},"end":{"line":64,"column":108}}],"line":64},"25":{"loc":{"start":{"line":70,"column":2},"end":{"line":74,"column":30}},"type":"if","locations":[{"start":{"line":70,"column":2},"end":{"line":74,"column":30}},{"start":{"line":71,"column":7},"end":{"line":74,"column":30}}],"line":70},"26":{"loc":{"start":{"line":71,"column":7},"end":{"line":74,"column":30}},"type":"if","locations":[{"start":{"line":71,"column":7},"end":{"line":74,"column":30}},{"start":{"line":72,"column":7},"end":{"line":74,"column":30}}],"line":71},"27":{"loc":{"start":{"line":72,"column":7},"end":{"line":74,"column":30}},"type":"if","locations":[{"start":{"line":72,"column":7},"end":{"line":74,"column":30}},{"start":{"line":73,"column":7},"end":{"line":74,"column":30}}],"line":72},"28":{"loc":{"start":{"line":73,"column":7},"end":{"line":74,"column":30}},"type":"if","locations":[{"start":{"line":73,"column":7},"end":{"line":74,"column":30}},{"start":{"line":74,"column":7},"end":{"line":74,"column":30}}],"line":73},"29":{"loc":{"start":{"line":80,"column":2},"end":{"line":82,"column":3}},"type":"if","locations":[{"start":{"line":80,"column":2},"end":{"line":82,"column":3}},{"start":{},"end":{}}],"line":80},"30":{"loc":{"start":{"line":80,"column":6},"end":{"line":80,"column":97}},"type":"binary-expr","locations":[{"start":{"line":80,"column":6},"end":{"line":80,"column":55}},{"start":{"line":80,"column":59},"end":{"line":80,"column":97}}],"line":80},"31":{"loc":{"start":{"line":87,"column":2},"end":{"line":88,"column":64}},"type":"if","locations":[{"start":{"line":87,"column":2},"end":{"line":88,"column":64}},{"start":{"line":88,"column":7},"end":{"line":88,"column":64}}],"line":87},"32":{"loc":{"start":{"line":88,"column":7},"end":{"line":88,"column":64}},"type":"if","locations":[{"start":{"line":88,"column":7},"end":{"line":88,"column":64}},{"start":{},"end":{}}],"line":88},"33":{"loc":{"start":{"line":113,"column":2},"end":{"line":113,"column":88}},"type":"if","locations":[{"start":{"line":113,"column":2},"end":{"line":113,"column":88}},{"start":{},"end":{}}],"line":113},"34":{"loc":{"start":{"line":113,"column":14},"end":{"line":113,"column":28}},"type":"binary-expr","locations":[{"start":{"line":113,"column":14},"end":{"line":113,"column":22}},{"start":{"line":113,"column":26},"end":{"line":113,"column":28}}],"line":113},"35":{"loc":{"start":{"line":114,"column":2},"end":{"line":114,"column":110}},"type":"if","locations":[{"start":{"line":114,"column":2},"end":{"line":114,"column":110}},{"start":{},"end":{}}],"line":114},"36":{"loc":{"start":{"line":114,"column":6},"end":{"line":114,"column":40}},"type":"binary-expr","locations":[{"start":{"line":114,"column":6},"end":{"line":114,"column":28}},{"start":{"line":114,"column":32},"end":{"line":114,"column":40}}],"line":114},"37":{"loc":{"start":{"line":115,"column":2},"end":{"line":115,"column":102}},"type":"if","locations":[{"start":{"line":115,"column":2},"end":{"line":115,"column":102}},{"start":{},"end":{}}],"line":115},"38":{"loc":{"start":{"line":116,"column":2},"end":{"line":116,"column":110}},"type":"if","locations":[{"start":{"line":116,"column":2},"end":{"line":116,"column":110}},{"start":{},"end":{}}],"line":116},"39":{"loc":{"start":{"line":117,"column":2},"end":{"line":117,"column":110}},"type":"if","locations":[{"start":{"line":117,"column":2},"end":{"line":117,"column":110}},{"start":{},"end":{}}],"line":117},"40":{"loc":{"start":{"line":118,"column":2},"end":{"line":118,"column":121}},"type":"if","locations":[{"start":{"line":118,"column":2},"end":{"line":118,"column":121}},{"start":{},"end":{}}],"line":118},"41":{"loc":{"start":{"line":119,"column":2},"end":{"line":119,"column":102}},"type":"if","locations":[{"start":{"line":119,"column":2},"end":{"line":119,"column":102}},{"start":{},"end":{}}],"line":119},"42":{"loc":{"start":{"line":119,"column":14},"end":{"line":119,"column":28}},"type":"binary-expr","locations":[{"start":{"line":119,"column":14},"end":{"line":119,"column":22}},{"start":{"line":119,"column":26},"end":{"line":119,"column":28}}],"line":119},"43":{"loc":{"start":{"line":120,"column":2},"end":{"line":120,"column":118}},"type":"if","locations":[{"start":{"line":120,"column":2},"end":{"line":120,"column":118}},{"start":{},"end":{}}],"line":120},"44":{"loc":{"start":{"line":120,"column":6},"end":{"line":120,"column":54}},"type":"binary-expr","locations":[{"start":{"line":120,"column":6},"end":{"line":120,"column":35}},{"start":{"line":120,"column":39},"end":{"line":120,"column":54}}],"line":120},"45":{"loc":{"start":{"line":133,"column":66},"end":{"line":133,"column":107}},"type":"cond-expr","locations":[{"start":{"line":133,"column":89},"end":{"line":133,"column":90}},{"start":{"line":133,"column":93},"end":{"line":133,"column":107}}],"line":133},"46":{"loc":{"start":{"line":143,"column":2},"end":{"line":143,"column":101}},"type":"if","locations":[{"start":{"line":143,"column":2},"end":{"line":143,"column":101}},{"start":{},"end":{}}],"line":143},"47":{"loc":{"start":{"line":144,"column":2},"end":{"line":144,"column":118}},"type":"if","locations":[{"start":{"line":144,"column":2},"end":{"line":144,"column":118}},{"start":{},"end":{}}],"line":144},"48":{"loc":{"start":{"line":145,"column":2},"end":{"line":145,"column":124}},"type":"if","locations":[{"start":{"line":145,"column":2},"end":{"line":145,"column":124}},{"start":{},"end":{}}],"line":145},"49":{"loc":{"start":{"line":146,"column":2},"end":{"line":146,"column":121}},"type":"if","locations":[{"start":{"line":146,"column":2},"end":{"line":146,"column":121}},{"start":{},"end":{}}],"line":146}},"s":{"0":2,"1":4,"2":1,"3":0,"4":1,"5":1,"6":0,"7":0,"8":0,"9":10,"10":10,"11":10,"12":19,"13":10,"14":10,"15":19,"16":10,"17":0,"18":10,"19":10,"20":10,"21":10,"22":10,"23":10,"24":10,"25":10,"26":10,"27":2,"28":8,"29":1,"30":7,"31":4,"32":3,"33":1,"34":2,"35":10,"36":1,"37":0,"38":1,"39":1,"40":1,"41":0,"42":1,"43":1,"44":1,"45":1,"46":1,"47":0,"48":1,"49":0,"50":1,"51":0,"52":1,"53":0,"54":1,"55":0,"56":1,"57":0,"58":1,"59":0,"60":1,"61":0,"62":1,"63":1,"64":1,"65":1,"66":1,"67":1,"68":1,"69":1,"70":0,"71":1,"72":0,"73":1,"74":0,"75":1,"76":1,"77":1,"78":1},"f":{"0":2,"1":4,"2":1,"3":10,"4":10,"5":19,"6":19,"7":10,"8":1,"9":1},"b":{"0":[2,2,2],"1":[4,4,4],"2":[0,1],"3":[1,0,0,0],"4":[1,0],"5":[1,1],"6":[0,0],"7":[0,0,0],"8":[0],"9":[0],"10":[10,0],"11":[19,0],"12":[19,0],"13":[0],"14":[0],"15":[0],"16":[0],"17":[0],"18":[0],"19":[1],"20":[10,0],"21":[10,0],"22":[10,0],"23":[10,4],"24":[10,1],"25":[2,8],"26":[1,7],"27":[4,3],"28":[1,2],"29":[0,1],"30":[1,1],"31":[0,1],"32":[1,0],"33":[0,1],"34":[1,0],"35":[0,1],"36":[1,1],"37":[0,1],"38":[0,1],"39":[0,1],"40":[0,1],"41":[0,1],"42":[1,0],"43":[0,1],"44":[1,1],"45":[0,1],"46":[0,1],"47":[0,1],"48":[0,1],"49":[1,0]},"_coverageSchema":"1a1c01bbd47fc00a2c39e90264f33305004495a9","hash":"e0da3f72f7a76e6f59c783a8f34b133af2f0fb1e"}
,"D:\\Users\\Felipe\\Desktop\\projeto a3 final\\fmpinvest-app\\backend\\src\\services\\recommendationService.js": {"path":"D:\\Users\\Felipe\\Desktop\\projeto a3 final\\fmpinvest-app\\backend\\src\\services\\recommendationService.js","statementMap":{"0":{"start":{"line":2,"column":26},"end":{"line":2,"column":28}},"1":{"start":{"line":4,"column":2},"end":{"line":16,"column":3}},"2":{"start":{"line":5,"column":4},"end":{"line":7,"column":5}},"3":{"start":{"line":6,"column":6},"end":{"line":6,"column":101}},"4":{"start":{"line":9,"column":4},"end":{"line":11,"column":5}},"5":{"start":{"line":10,"column":6},"end":{"line":10,"column":112}},"6":{"start":{"line":13,"column":4},"end":{"line":15,"column":5}},"7":{"start":{"line":14,"column":6},"end":{"line":14,"column":115}},"8":{"start":{"line":18,"column":2},"end":{"line":50,"column":3}},"9":{"start":{"line":19,"column":4},"end":{"line":21,"column":5}},"10":{"start":{"line":20,"column":6},"end":{"line":20,"column":81}},"11":{"start":{"line":23,"column":4},"end":{"line":25,"column":5}},"12":{"start":{"line":24,"column":6},"end":{"line":24,"column":111}},"13":{"start":{"line":27,"column":4},"end":{"line":29,"column":5}},"14":{"start":{"line":28,"column":6},"end":{"line":28,"column":116}},"15":{"start":{"line":31,"column":4},"end":{"line":33,"column":5}},"16":{"start":{"line":32,"column":6},"end":{"line":32,"column":136}},"17":{"start":{"line":35,"column":4},"end":{"line":37,"column":5}},"18":{"start":{"line":36,"column":6},"end":{"line":36,"column":135}},"19":{"start":{"line":39,"column":4},"end":{"line":41,"column":5}},"20":{"start":{"line":40,"column":6},"end":{"line":40,"column":126}},"21":{"start":{"line":43,"column":4},"end":{"line":49,"column":5}},"22":{"start":{"line":44,"column":6},"end":{"line":44,"column":118}},"23":{"start":{"line":45,"column":11},"end":{"line":49,"column":5}},"24":{"start":{"line":46,"column":6},"end":{"line":46,"column":120}},"25":{"start":{"line":48,"column":6},"end":{"line":48,"column":112}},"26":{"start":{"line":52,"column":2},"end":{"line":54,"column":3}},"27":{"start":{"line":53,"column":4},"end":{"line":53,"column":107}},"28":{"start":{"line":56,"column":2},"end":{"line":56,"column":25}},"29":{"start":{"line":59,"column":0},"end":{"line":61,"column":2}}},"fnMap":{"0":{"name":"generateRecommendations","decl":{"start":{"line":1,"column":10},"end":{"line":1,"column":33}},"loc":{"start":{"line":1,"column":73},"end":{"line":57,"column":1}},"line":1}},"branchMap":{"0":{"loc":{"start":{"line":4,"column":2},"end":{"line":16,"column":3}},"type":"if","locations":[{"start":{"line":4,"column":2},"end":{"line":16,"column":3}},{"start":{},"end":{}}],"line":4},"1":{"loc":{"start":{"line":5,"column":4},"end":{"line":7,"column":5}},"type":"if","locations":[{"start":{"line":5,"column":4},"end":{"line":7,"column":5}},{"start":{},"end":{}}],"line":5},"2":{"loc":{"start":{"line":9,"column":4},"end":{"line":11,"column":5}},"type":"if","locations":[{"start":{"line":9,"column":4},"end":{"line":11,"column":5}},{"start":{},"end":{}}],"line":9},"3":{"loc":{"start":{"line":13,"column":4},"end":{"line":15,"column":5}},"type":"if","locations":[{"start":{"line":13,"column":4},"end":{"line":15,"column":5}},{"start":{},"end":{}}],"line":13},"4":{"loc":{"start":{"line":18,"column":2},"end":{"line":50,"column":3}},"type":"if","locations":[{"start":{"line":18,"column":2},"end":{"line":50,"column":3}},{"start":{},"end":{}}],"line":18},"5":{"loc":{"start":{"line":19,"column":4},"end":{"line":21,"column":5}},"type":"if","locations":[{"start":{"line":19,"column":4},"end":{"line":21,"column":5}},{"start":{},"end":{}}],"line":19},"6":{"loc":{"start":{"line":23,"column":4},"end":{"line":25,"column":5}},"type":"if","locations":[{"start":{"line":23,"column":4},"end":{"line":25,"column":5}},{"start":{},"end":{}}],"line":23},"7":{"loc":{"start":{"line":27,"column":4},"end":{"line":29,"column":5}},"type":"if","locations":[{"start":{"line":27,"column":4},"end":{"line":29,"column":5}},{"start":{},"end":{}}],"line":27},"8":{"loc":{"start":{"line":31,"column":4},"end":{"line":33,"column":5}},"type":"if","locations":[{"start":{"line":31,"column":4},"end":{"line":33,"column":5}},{"start":{},"end":{}}],"line":31},"9":{"loc":{"start":{"line":31,"column":8},"end":{"line":31,"column":99}},"type":"binary-expr","locations":[{"start":{"line":31,"column":8},"end":{"line":31,"column":58}},{"start":{"line":31,"column":62},"end":{"line":31,"column":99}}],"line":31},"10":{"loc":{"start":{"line":35,"column":4},"end":{"line":37,"column":5}},"type":"if","locations":[{"start":{"line":35,"column":4},"end":{"line":37,"column":5}},{"start":{},"end":{}}],"line":35},"11":{"loc":{"start":{"line":35,"column":8},"end":{"line":35,"column":99}},"type":"binary-expr","locations":[{"start":{"line":35,"column":8},"end":{"line":35,"column":55}},{"start":{"line":35,"column":59},"end":{"line":35,"column":99}}],"line":35},"12":{"loc":{"start":{"line":39,"column":4},"end":{"line":41,"column":5}},"type":"if","locations":[{"start":{"line":39,"column":4},"end":{"line":41,"column":5}},{"start":{},"end":{}}],"line":39},"13":{"loc":{"start":{"line":39,"column":8},"end":{"line":39,"column":162}},"type":"binary-expr","locations":[{"start":{"line":39,"column":9},"end":{"line":39,"column":55}},{"start":{"line":39,"column":59},"end":{"line":39,"column":114}},{"start":{"line":39,"column":119},"end":{"line":39,"column":162}}],"line":39},"14":{"loc":{"start":{"line":43,"column":4},"end":{"line":49,"column":5}},"type":"if","locations":[{"start":{"line":43,"column":4},"end":{"line":49,"column":5}},{"start":{"line":45,"column":11},"end":{"line":49,"column":5}}],"line":43},"15":{"loc":{"start":{"line":45,"column":11},"end":{"line":49,"column":5}},"type":"if","locations":[{"start":{"line":45,"column":11},"end":{"line":49,"column":5}},{"start":{"line":47,"column":11},"end":{"line":49,"column":5}}],"line":45},"16":{"loc":{"start":{"line":52,"column":2},"end":{"line":54,"column":3}},"type":"if","locations":[{"start":{"line":52,"column":2},"end":{"line":54,"column":3}},{"start":{},"end":{}}],"line":52}},"s":{"0":6,"1":6,"2":5,"3":0,"4":5,"5":0,"6":5,"7":0,"8":6,"9":6,"10":2,"11":6,"12":1,"13":6,"14":1,"15":6,"16":1,"17":6,"18":0,"19":6,"20":1,"21":6,"22":1,"23":5,"24":2,"25":3,"26":6,"27":0,"28":6,"29":1},"f":{"0":6},"b":{"0":[5,1],"1":[0,5],"2":[0,5],"3":[0,5],"4":[6,0],"5":[2,4],"6":[1,5],"7":[1,5],"8":[1,5],"9":[6,1],"10":[0,6],"11":[6,0],"12":[1,5],"13":[6,5,1],"14":[1,5],"15":[2,3],"16":[0,6]},"_coverageSchema":"1a1c01bbd47fc00a2c39e90264f33305004495a9","hash":"09a9a2ac7acb893a9f454a5f241ded3f4c4260d8"}
,"D:\\Users\\Felipe\\Desktop\\projeto a3 final\\fmpinvest-app\\backend\\src\\services\\simulationService.js": {"path":"D:\\Users\\Felipe\\Desktop\\projeto a3 final\\fmpinvest-app\\backend\\src\\services\\simulationService.js","statementMap":{"0":{"start":{"line":2,"column":2},"end":{"line":2,"column":75}},"1":{"start":{"line":6,"column":17},"end":{"line":6,"column":89}},"2":{"start":{"line":7,"column":2},"end":{"line":9,"column":3}},"3":{"start":{"line":8,"column":4},"end":{"line":8,"column":77}},"4":{"start":{"line":11,"column":2},"end":{"line":13,"column":3}},"5":{"start":{"line":12,"column":4},"end":{"line":12,"column":68}},"6":{"start":{"line":15,"column":22},"end":{"line":15,"column":46}},"7":{"start":{"line":16,"column":23},"end":{"line":16,"column":56}},"8":{"start":{"line":17,"column":24},"end":{"line":17,"column":52}},"9":{"start":{"line":19,"column":28},"end":{"line":19,"column":58}},"10":{"start":{"line":20,"column":2},"end":{"line":22,"column":3}},"11":{"start":{"line":21,"column":4},"end":{"line":21,"column":85}},"12":{"start":{"line":24,"column":22},"end":{"line":24,"column":57}},"13":{"start":{"line":25,"column":27},"end":{"line":25,"column":73}},"14":{"start":{"line":26,"column":26},"end":{"line":26,"column":56}},"15":{"start":{"line":27,"column":27},"end":{"line":27,"column":53}},"16":{"start":{"line":29,"column":2},"end":{"line":35,"column":4}},"17":{"start":{"line":38,"column":0},"end":{"line":40,"column":2}}},"fnMap":{"0":{"name":"isValidNonNegativeNumber","decl":{"start":{"line":1,"column":10},"end":{"line":1,"column":34}},"loc":{"start":{"line":1,"column":42},"end":{"line":3,"column":1}},"line":1},"1":{"name":"simulateCompoundInterest","decl":{"start":{"line":5,"column":9},"end":{"line":5,"column":33}},"loc":{"start":{"line":5,"column":118},"end":{"line":36,"column":1}},"line":5}},"branchMap":{"0":{"loc":{"start":{"line":2,"column":9},"end":{"line":2,"column":74}},"type":"binary-expr","locations":[{"start":{"line":2,"column":9},"end":{"line":2,"column":34}},{"start":{"line":2,"column":38},"end":{"line":2,"column":60}},{"start":{"line":2,"column":64},"end":{"line":2,"column":74}}],"line":2},"1":{"loc":{"start":{"line":7,"column":2},"end":{"line":9,"column":3}},"type":"if","locations":[{"start":{"line":7,"column":2},"end":{"line":9,"column":3}},{"start":{},"end":{}}],"line":7},"2":{"loc":{"start":{"line":11,"column":2},"end":{"line":13,"column":3}},"type":"if","locations":[{"start":{"line":11,"column":2},"end":{"line":13,"column":3}},{"start":{},"end":{}}],"line":11},"3":{"loc":{"start":{"line":11,"column":6},"end":{"line":11,"column":46}},"type":"binary-expr","locations":[{"start":{"line":11,"column":6},"end":{"line":11,"column":31}},{"start":{"line":11,"column":35},"end":{"line":11,"column":46}}],"line":11},"4":{"loc":{"start":{"line":20,"column":2},"end":{"line":22,"column":3}},"type":"if","locations":[{"start":{"line":20,"column":2},"end":{"line":22,"column":3}},{"start":{},"end":{}}],"line":20}},"s":{"0":13,"1":4,"2":4,"3":1,"4":3,"5":1,"6":2,"7":2,"8":2,"9":2,"10":2,"11":1,"12":2,"13":2,"14":2,"15":2,"16":2,"17":1},"f":{"0":13,"1":4},"b":{"0":[13,13,13],"1":[1,3],"2":[1,2],"3":[3,3],"4":[1,1]},"_coverageSchema":"1a1c01bbd47fc00a2c39e90264f33305004495a9","hash":"ac6f889cf5fa3d5cadf1617b4d5c12d85c1c2b10"}
}
