TN:
SF:src\services\portfolioService.js
FN:1,calculatePortfolioMetrics
FN:6,(anonymous_1)
FN:18,(anonymous_2)
FN:20,(anonymous_3)
FN:23,(anonymous_4)
FN:31,(anonymous_5)
FN:32,(anonymous_6)
FN:35,(anonymous_7)
FN:36,(anonymous_8)
FN:39,(anonymous_9)
FN:40,(anonymous_10)
FN:43,(anonymous_11)
FN:44,(anonymous_12)
FN:47,(anonymous_13)
FN:48,(anonymous_14)
FNF:15
FNH:15
FNDA:6,calculatePortfolioMetrics
FNDA:14,(anonymous_1)
FNDA:14,(anonymous_2)
FNDA:14,(anonymous_3)
FNDA:14,(anonymous_4)
FNDA:14,(anonymous_5)
FNDA:10,(anonymous_6)
FNDA:14,(anonymous_7)
FNDA:4,(anonymous_8)
FNDA:14,(anonymous_9)
FNDA:6,(anonymous_10)
FNDA:14,(anonymous_11)
FNDA:3,(anonymous_12)
FNDA:14,(anonymous_13)
FNDA:13,(anonymous_14)
DA:2,6
DA:3,0
DA:6,14
DA:18,14
DA:19,6
DA:20,14
DA:22,6
DA:23,14
DA:27,6
DA:29,6
DA:30,6
DA:31,14
DA:32,10
DA:34,6
DA:35,14
DA:36,4
DA:38,6
DA:39,14
DA:40,6
DA:42,6
DA:43,14
DA:44,3
DA:46,6
DA:47,14
DA:48,13
DA:50,6
DA:51,6
DA:52,6
DA:53,6
DA:54,6
DA:56,6
DA:57,6
DA:58,5
DA:60,6
DA:61,6
DA:62,1
DA:64,6
DA:65,6
DA:66,3
DA:68,6
DA:69,3
DA:71,6
DA:72,2
DA:74,6
DA:75,6
DA:76,6
DA:78,6
DA:79,2
DA:81,6
DA:82,1
DA:83,0
DA:84,5
DA:85,0
DA:86,0
DA:87,5
DA:88,0
DA:89,0
DA:92,6
DA:94,6
DA:111,1
LF:60
LH:54
BRDA:1,0,0,0
BRDA:1,1,0,5
BRDA:2,2,0,0
BRDA:2,2,1,6
BRDA:7,3,0,14
BRDA:7,3,1,0
BRDA:8,4,0,14
BRDA:8,4,1,0
BRDA:10,5,0,14
BRDA:10,5,1,0
BRDA:10,6,0,14
BRDA:10,6,1,14
BRDA:13,7,0,14
BRDA:13,7,1,0
BRDA:14,8,0,14
BRDA:14,8,1,0
BRDA:15,9,0,14
BRDA:15,9,1,0
BRDA:18,10,0,14
BRDA:18,10,1,0
BRDA:23,11,0,6
BRDA:23,11,1,8
BRDA:27,12,0,6
BRDA:27,12,1,0
BRDA:50,13,0,6
BRDA:50,13,1,0
BRDA:51,14,0,6
BRDA:51,14,1,0
BRDA:52,15,0,6
BRDA:52,15,1,0
BRDA:53,16,0,6
BRDA:53,16,1,0
BRDA:54,17,0,6
BRDA:54,17,1,0
BRDA:57,18,0,1
BRDA:57,18,1,5
BRDA:57,19,0,6
BRDA:57,19,1,1
BRDA:57,19,2,1
BRDA:58,20,0,1
BRDA:58,20,1,4
BRDA:58,21,0,5
BRDA:58,21,1,1
BRDA:58,21,2,1
BRDA:61,22,0,5
BRDA:61,22,1,1
BRDA:62,23,0,0
BRDA:62,23,1,1
BRDA:65,24,0,3
BRDA:65,24,1,3
BRDA:66,25,0,1
BRDA:66,25,1,2
BRDA:68,26,0,3
BRDA:68,26,1,3
BRDA:69,27,0,1
BRDA:69,27,1,2
BRDA:71,28,0,4
BRDA:71,28,1,2
BRDA:72,29,0,1
BRDA:72,29,1,1
BRDA:74,30,0,2
BRDA:74,30,1,4
BRDA:75,31,0,5
BRDA:75,31,1,1
BRDA:76,32,0,3
BRDA:76,32,1,3
BRDA:78,33,0,4
BRDA:78,33,1,2
BRDA:79,34,0,1
BRDA:79,34,1,1
BRDA:81,35,0,1
BRDA:81,35,1,5
BRDA:82,36,0,1
BRDA:82,36,1,0
BRDA:82,37,0,1
BRDA:82,37,1,0
BRDA:83,38,0,0
BRDA:83,38,1,0
BRDA:83,39,0,0
BRDA:83,39,1,0
BRDA:84,40,0,0
BRDA:84,40,1,5
BRDA:85,41,0,0
BRDA:85,41,1,0
BRDA:85,42,0,0
BRDA:85,42,1,0
BRDA:86,43,0,0
BRDA:86,43,1,0
BRDA:86,44,0,0
BRDA:86,44,1,0
BRDA:87,45,0,0
BRDA:87,45,1,5
BRDA:88,46,0,0
BRDA:88,46,1,0
BRDA:89,47,0,0
BRDA:89,47,1,0
BRDA:99,48,0,6
BRDA:99,48,1,0
BRF:98
BRH:61
end_of_record
TN:
SF:src\services\profileService.js
FN:1,isValidPositiveNumber
FN:5,isValidNonNegativeNumber
FN:9,suggestInvestorProfile
FN:30,toScoreRange
FN:34,mapConfortoInvestimentos
FN:36,(anonymous_5)
FN:46,(anonymous_6)
FN:52,evaluateInvestorSuitability
FN:79,analyzeEmergencyReserve
FN:96,analyzeProfile
FNF:10
FNH:10
FNDA:2,isValidPositiveNumber
FNDA:4,isValidNonNegativeNumber
FNDA:1,suggestInvestorProfile
FNDA:10,toScoreRange
FNDA:10,mapConfortoInvestimentos
FNDA:19,(anonymous_5)
FNDA:19,(anonymous_6)
FNDA:10,evaluateInvestorSuitability
FNDA:1,analyzeEmergencyReserve
FNDA:1,analyzeProfile
DA:2,2
DA:6,4
DA:10,1
DA:16,0
DA:19,1
DA:20,1
DA:23,0
DA:24,0
DA:27,0
DA:31,10
DA:35,10
DA:36,19
DA:37,10
DA:46,19
DA:47,10
DA:49,0
DA:60,10
DA:61,10
DA:62,10
DA:63,10
DA:64,10
DA:65,10
DA:67,10
DA:69,10
DA:70,10
DA:71,8
DA:72,7
DA:73,3
DA:74,2
DA:76,10
DA:80,1
DA:81,0
DA:84,1
DA:85,1
DA:87,1
DA:88,1
DA:90,1
DA:111,1
DA:113,1
DA:114,1
DA:115,1
DA:116,1
DA:117,1
DA:118,1
DA:119,1
DA:120,1
DA:122,1
DA:123,1
DA:124,1
DA:126,1
DA:133,1
DA:134,1
DA:142,1
DA:143,1
DA:144,1
DA:145,1
DA:146,1
DA:148,1
DA:166,1
LF:59
LH:53
BRDA:2,0,0,2
BRDA:2,0,1,2
BRDA:2,0,2,2
BRDA:6,1,0,4
BRDA:6,1,1,4
BRDA:6,1,2,4
BRDA:10,2,0,0
BRDA:10,2,1,1
BRDA:11,3,0,1
BRDA:11,3,1,0
BRDA:11,3,2,0
BRDA:11,3,3,0
BRDA:19,4,0,1
BRDA:19,4,1,0
BRDA:19,5,0,1
BRDA:19,5,1,1
BRDA:23,6,0,0
BRDA:23,6,1,0
BRDA:23,7,0,0
BRDA:23,7,1,0
BRDA:23,7,2,0
BRDA:30,8,0,0
BRDA:30,9,0,0
BRDA:35,10,0,10
BRDA:35,10,1,0
BRDA:36,11,0,19
BRDA:36,11,1,0
BRDA:46,12,0,19
BRDA:46,12,1,0
BRDA:52,13,0,0
BRDA:53,14,0,0
BRDA:54,15,0,0
BRDA:55,16,0,0
BRDA:56,17,0,0
BRDA:57,18,0,0
BRDA:58,19,0,1
BRDA:60,20,0,10
BRDA:60,20,1,0
BRDA:61,21,0,10
BRDA:61,21,1,0
BRDA:62,22,0,10
BRDA:62,22,1,0
BRDA:63,23,0,10
BRDA:63,23,1,4
BRDA:64,24,0,10
BRDA:64,24,1,1
BRDA:70,25,0,2
BRDA:70,25,1,8
BRDA:71,26,0,1
BRDA:71,26,1,7
BRDA:72,27,0,4
BRDA:72,27,1,3
BRDA:73,28,0,1
BRDA:73,28,1,2
BRDA:80,29,0,0
BRDA:80,29,1,1
BRDA:80,30,0,1
BRDA:80,30,1,1
BRDA:87,31,0,0
BRDA:87,31,1,1
BRDA:88,32,0,1
BRDA:88,32,1,0
BRDA:113,33,0,0
BRDA:113,33,1,1
BRDA:113,34,0,1
BRDA:113,34,1,0
BRDA:114,35,0,0
BRDA:114,35,1,1
BRDA:114,36,0,1
BRDA:114,36,1,1
BRDA:115,37,0,0
BRDA:115,37,1,1
BRDA:116,38,0,0
BRDA:116,38,1,1
BRDA:117,39,0,0
BRDA:117,39,1,1
BRDA:118,40,0,0
BRDA:118,40,1,1
BRDA:119,41,0,0
BRDA:119,41,1,1
BRDA:119,42,0,1
BRDA:119,42,1,0
BRDA:120,43,0,0
BRDA:120,43,1,1
BRDA:120,44,0,1
BRDA:120,44,1,1
BRDA:133,45,0,0
BRDA:133,45,1,1
BRDA:143,46,0,0
BRDA:143,46,1,1
BRDA:144,47,0,0
BRDA:144,47,1,1
BRDA:145,48,0,0
BRDA:145,48,1,1
BRDA:146,49,0,1
BRDA:146,49,1,0
BRF:96
BRH:54
end_of_record
TN:
SF:src\services\recommendationService.js
FN:1,generateRecommendations
FNF:1
FNH:1
FNDA:6,generateRecommendations
DA:2,6
DA:4,6
DA:5,5
DA:6,0
DA:9,5
DA:10,0
DA:13,5
DA:14,0
DA:18,6
DA:19,6
DA:20,2
DA:23,6
DA:24,1
DA:27,6
DA:28,1
DA:31,6
DA:32,1
DA:35,6
DA:36,0
DA:39,6
DA:40,1
DA:43,6
DA:44,1
DA:45,5
DA:46,2
DA:48,3
DA:52,6
DA:53,0
DA:56,6
DA:59,1
LF:30
LH:25
BRDA:4,0,0,5
BRDA:4,0,1,1
BRDA:5,1,0,0
BRDA:5,1,1,5
BRDA:9,2,0,0
BRDA:9,2,1,5
BRDA:13,3,0,0
BRDA:13,3,1,5
BRDA:18,4,0,6
BRDA:18,4,1,0
BRDA:19,5,0,2
BRDA:19,5,1,4
BRDA:23,6,0,1
BRDA:23,6,1,5
BRDA:27,7,0,1
BRDA:27,7,1,5
BRDA:31,8,0,1
BRDA:31,8,1,5
BRDA:31,9,0,6
BRDA:31,9,1,1
BRDA:35,10,0,0
BRDA:35,10,1,6
BRDA:35,11,0,6
BRDA:35,11,1,0
BRDA:39,12,0,1
BRDA:39,12,1,5
BRDA:39,13,0,6
BRDA:39,13,1,5
BRDA:39,13,2,1
BRDA:43,14,0,1
BRDA:43,14,1,5
BRDA:45,15,0,2
BRDA:45,15,1,3
BRDA:52,16,0,0
BRDA:52,16,1,6
BRF:35
BRH:28
end_of_record
TN:
SF:src\services\simulationService.js
FN:1,isValidNonNegativeNumber
FN:5,simulateCompoundInterest
FNF:2
FNH:2
FNDA:13,isValidNonNegativeNumber
FNDA:4,simulateCompoundInterest
DA:2,13
DA:6,4
DA:7,4
DA:8,1
DA:11,3
DA:12,1
DA:15,2
DA:16,2
DA:17,2
DA:19,2
DA:20,2
DA:21,1
DA:24,2
DA:25,2
DA:26,2
DA:27,2
DA:29,2
DA:38,1
LF:18
LH:18
BRDA:2,0,0,13
BRDA:2,0,1,13
BRDA:2,0,2,13
BRDA:7,1,0,1
BRDA:7,1,1,3
BRDA:11,2,0,1
BRDA:11,2,1,2
BRDA:11,3,0,3
BRDA:11,3,1,3
BRDA:20,4,0,1
BRDA:20,4,1,1
BRF:11
BRH:11
end_of_record
